Exporter version: 3.3.1, Blender version: 3.5.0
========= Conversion from Blender to Babylon.js =========
	Scene settings used :
		Inline textures     :  false
		Material Type       :  PBR
		Positions Precision :  4
		Normals Precision   :  3
		UVs Precision       :  3
		Vert Color Precision:  3
		Mat Weight Precision:  2
		Keep Z-up r-handed  :  no
		Texture directory   :  D:\softEngine\SoftEngine\SoftEngine\
	Python World class constructor completed
	WARNING: No active camera has been assigned, or is not in a currently enabled collection
	processing begun of mesh:  Borderlands 2 Skag
		processing begun of material:  Mati_Skag_Boll
			processing texture Mati_Skag_Boll_baseColor
		Custom split normals with tangents being used
		num positions      :  3458
		num normals        :  3458
		num tangents       :  13832
		num uvs            :  6916
		num uvs2           :  0
		num colors         :  0
		num triangles      :  2602
========= Writing of JSON file started =========
	writing mesh:  Borderlands 2 Skag
========= Writing of JSON file completed =========
========= end of processing =========
elapsed time:  0 min, 0.4373 secs
